"../../../../../UE4 Projects/BFMELauncher/Content/Blueprints/BlankCore/LauncherPawn.uasset" 0
"../../../Engine/Content/EditorBlueprintResources/StandardMacros.uasset" 1
"../../../../../UE4 Projects/BFMELauncher/Content/Sound/BackgroundAudioPlayer.uasset" 2
"../../../../../UE4 Projects/BFMELauncher/Content/Blueprints/Enums/BusyAction.uasset" 3
"../../../../../UE4 Projects/BFMELauncher/Content/Blueprints/Enums/DownloadType.uasset" 4
"../../../../../UE4 Projects/BFMELauncher/Content/Blueprints/Enums/SelectedGame.uasset" 5
"../../../../../UE4 Projects/BFMELauncher/Content/Blueprints/Enums/UserTheme.uasset" 6
"../../../../../UE4 Projects/BFMELauncher/Content/Fonts/Face_AlbertusMT.uasset" 7
"../../../../../UE4 Projects/BFMELauncher/Content/Fonts/Face_SachWT.uasset" 8
"../../../../../UE4 Projects/BFMELauncher/Content/Fonts/Font_Main.uasset" 9
"../../../../../UE4 Projects/BFMELauncher/Content/Blueprints/Enums/TooltipState.uasset" 10
"../../../../../UE4 Projects/BFMELauncher/Content/Blueprints/Widgets/TooltipSubWidget.uasset" 11
"../../../../../UE4 Projects/BFMELauncher/Content/Sound/UI_Click_Secondary.uasset" 12
"../../../../../UE4 Projects/BFMELauncher/Content/Sound/UI_Hover_Secondary.uasset" 13
"../../../../../UE4 Projects/BFMELauncher/Content/Textures/Icons_Base/Icon_Exit.uasset" 14
"../../../../../UE4 Projects/BFMELauncher/Content/Textures/ProgressBar/ProgressBar_BG.uasset" 15
"../../../../../UE4 Projects/BFMELauncher/Content/Textures/ProgressBar/ProgressBar_FG.uasset" 16
"../../../../../UE4 Projects/BFMELauncher/Content/Blueprints/Widgets/DownloadBarSubWidget.uasset" 17
"../../../../../UE4 Projects/BFMELauncher/Content/Sound/Download_Begin.uasset" 18
"../../../../../UE4 Projects/BFMELauncher/Content/Sound/UI_Click_Primary.uasset" 19
"../../../../../UE4 Projects/BFMELauncher/Content/Sound/UI_Hover.uasset" 20
"../../../../../UE4 Projects/BFMELauncher/Content/Sound/UI_Transition.uasset" 21
"../../../../../UE4 Projects/BFMELauncher/Content/Textures/Buttons/Button_Main_Click.uasset" 22
"../../../../../UE4 Projects/BFMELauncher/Content/Textures/Buttons/Button_Main_Default.uasset" 23
"../../../../../UE4 Projects/BFMELauncher/Content/Textures/Buttons/Button_Main_Disabled.uasset" 24
"../../../../../UE4 Projects/BFMELauncher/Content/Textures/Buttons/Button_Main_Hover.uasset" 25
"../../../../../UE4 Projects/BFMELauncher/Content/Textures/Decorators/BG_Installer.uasset" 26
"../../../../../UE4 Projects/BFMELauncher/Content/Textures/Decorators/BG_Vignette.uasset" 27
"../../../../../UE4 Projects/BFMELauncher/Content/Textures/Decorators/Browser_Border.uasset" 28
"../../../../../UE4 Projects/BFMELauncher/Content/Blueprints/Widgets/InstallerWidget.uasset" 29
"../../../../../UE4 Projects/BFMELauncher/Content/Blueprints/Enums/BackgroundState.uasset" 30
"../../../../../UE4 Projects/BFMELauncher/Content/Textures/Buttons/Button_Version_Click.uasset" 31
"../../../../../UE4 Projects/BFMELauncher/Content/Textures/Buttons/Button_Version_Default.uasset" 32
"../../../../../UE4 Projects/BFMELauncher/Content/Textures/Buttons/Button_Version_Hover.uasset" 33
"../../../../../UE4 Projects/BFMELauncher/Content/Textures/Icons_Base/Icon_VersionDelete.uasset" 34
"../../../../../UE4 Projects/BFMELauncher/Content/Textures/Icons_Base/Icon_VersionSelected.uasset" 35
"../../../../../UE4 Projects/BFMELauncher/Content/Textures/Icons_Base/Icons_Hovered/Icon_VersionDelete_H.uasset" 36
"../../../../../UE4 Projects/BFMELauncher/Content/Blueprints/Widgets/VersionSubwidget.uasset" 37
"../../../../../UE4 Projects/BFMELauncher/Content/Textures/Icons_Base/Icon_PatchHide.uasset" 38
"../../../../../UE4 Projects/BFMELauncher/Content/Textures/Icons_Base/Icon_PatchShow.uasset" 39
"../../../../../UE4 Projects/BFMELauncher/Content/Textures/Icons_Base/Icons_Hovered/Icon_PatchHide_H.uasset" 40
"../../../../../UE4 Projects/BFMELauncher/Content/Textures/Icons_Base/Icons_Hovered/Icon_PatchShow_H.uasset" 41
"../../../../../UE4 Projects/BFMELauncher/Content/Textures/Icons_Base/TransparencyHelper.uasset" 42
"../../../../../UE4 Projects/BFMELauncher/Content/Blueprints/Widgets/VersionBoxSubWidget.uasset" 43
"../../../../../UE4 Projects/BFMELauncher/Content/Sound/UI_Cancel.uasset" 44
"../../../../../UE4 Projects/BFMELauncher/Content/Textures/Buttons/Button_Main_Default_2.uasset" 45
"../../../../../UE4 Projects/BFMELauncher/Content/Textures/Buttons/Button_Main_Hover_2.uasset" 46
"../../../../../UE4 Projects/BFMELauncher/Content/Textures/Decorators/BG_Frame.uasset" 47
"../../../../../UE4 Projects/BFMELauncher/Content/Textures/Decorators/BG_Logo_BFME.uasset" 48
"../../../../../UE4 Projects/BFMELauncher/Content/Textures/Decorators/BG_Logo_BFME2.uasset" 49
"../../../../../UE4 Projects/BFMELauncher/Content/Textures/Decorators/BG_Logo_ROTWK.uasset" 50
"../../../../../UE4 Projects/BFMELauncher/Content/Textures/Icons_Base/Icon_BrowserToggle.uasset" 51
"../../../../../UE4 Projects/BFMELauncher/Content/Textures/Icons_Base/Icon_GameFullscreen.uasset" 52
"../../../../../UE4 Projects/BFMELauncher/Content/Textures/Icons_Base/Icon_GameWindowed.uasset" 53
"../../../../../UE4 Projects/BFMELauncher/Content/Textures/Icons_Base/Icon_NoConnection.uasset" 54
"../../../../../UE4 Projects/BFMELauncher/Content/Textures/Icons_Base/Icon_SoundOff.uasset" 55
"../../../../../UE4 Projects/BFMELauncher/Content/Textures/Icons_Base/Icon_SoundOn.uasset" 56
"../../../../../UE4 Projects/BFMELauncher/Content/Textures/Icons_Base/Icon_ThemeSwitch.uasset" 57
"../../../../../UE4 Projects/BFMELauncher/Content/Textures/Icons_Base/Icon_ThemeWait.uasset" 58
"../../../../../UE4 Projects/BFMELauncher/Content/Textures/Icons_Base/Icons_Hovered/Icon_Exit_H.uasset" 59
"../../../../../UE4 Projects/BFMELauncher/Content/Textures/Icons_Base/Icons_Hovered/Icon_GameFullscreen_H.uasset" 60
"../../../../../UE4 Projects/BFMELauncher/Content/Textures/Icons_Base/Icons_Hovered/Icon_GameWindowed_H.uasset" 61
"../../../../../UE4 Projects/BFMELauncher/Content/Textures/Icons_Base/Icons_Hovered/Icon_SoundOff_H.uasset" 62
"../../../../../UE4 Projects/BFMELauncher/Content/Textures/Icons_Base/Icons_Hovered/Icon_SoundOn_H.uasset" 63
"../../../../../UE4 Projects/BFMELauncher/Content/Textures/Icons_Browser/Icon_Changelog.uasset" 64
"../../../../../UE4 Projects/BFMELauncher/Content/Textures/Icons_Browser/Icon_Discord.uasset" 65
"../../../../../UE4 Projects/BFMELauncher/Content/Textures/Icons_Browser/Icon_GameRanger.uasset" 66
"../../../../../UE4 Projects/BFMELauncher/Content/Textures/Icons_Browser/Icon_ModDB.uasset" 67
"../../../../../UE4 Projects/BFMELauncher/Content/Textures/Icons_Browser/Icon_ModHD.uasset" 68
"../../../../../UE4 Projects/BFMELauncher/Content/Textures/Icons_Browser/Icon_ModL3A.uasset" 69
"../../../../../UE4 Projects/BFMELauncher/Content/Textures/Icons_Browser/Icon_ModSAF.uasset" 70
"../../../../../UE4 Projects/BFMELauncher/Content/Textures/Icons_Browser/Icon_Support.uasset" 71
"../../../../../UE4 Projects/BFMELauncher/Content/Textures/Icons_Browser/Icon_T3A.uasset" 72
"../../../../../UE4 Projects/BFMELauncher/Content/Textures/Icons_Browser/Icon_Youtube.uasset" 73
"../../../../../UE4 Projects/BFMELauncher/Content/Textures/Icons_Themes/Banner_Custom.uasset" 74
"../../../../../UE4 Projects/BFMELauncher/Content/Textures/Icons_Themes/Banner_Gondor.uasset" 75
"../../../../../UE4 Projects/BFMELauncher/Content/Textures/Icons_Themes/Banner_Isengard.uasset" 76
"../../../../../UE4 Projects/BFMELauncher/Content/Textures/Icons_Themes/Banner_Mordor.uasset" 77
"../../../../../UE4 Projects/BFMELauncher/Content/Textures/Icons_Themes/Banner_Rohan.uasset" 78
"../../../../../UE4 Projects/BFMELauncher/Content/Blueprints/Widgets/MainMenuWidget.uasset" 79
"../../../../../UE4 Projects/BFMELauncher/Content/Sound/Download_End.uasset" 80
"../../../../../UE4 Projects/BFMELauncher/Content/Blueprints/LauncherController.uasset" 81
"../../../../../UE4 Projects/BFMELauncher/Content/Blueprints/BlankCore/LauncherGamemode.uasset" 82
"../../../../../UE4 Projects/BFMELauncher/Content/Blueprints/Enums/ButtonType.uasset" 83
"../../../../../UE4 Projects/BFMELauncher/Content/Blueprints/Widgets/GameButtonSubWidget.uasset" 84
"../../../../../UE4 Projects/BFMELauncher/Content/Blueprints/Widgets/GameSelectionSubWidget.uasset" 85
"../../../../../UE4 Projects/BFMELauncher/Content/Textures/Icons_Base/Icon_Cancel.uasset" 86
"../../../../../UE4 Projects/BFMELauncher/Content/Textures/Icons_Base/Icons_Hovered/Icon_Cancel_H.uasset" 87
"../../../../../UE4 Projects/BFMELauncher/Content/Textures/Icons_Base/Icons_Hovered/Icon_NoConnection_H.uasset" 88
"../../../../../UE4 Projects/BFMELauncher/Content/Textures/Icons_Browser/Icon_BFME.uasset" 89
"../../../../../UE4 Projects/BFMELauncher/Content/Textures/Icons_Browser/Icon_BFME2.uasset" 90
"../../../../../UE4 Projects/BFMELauncher/Content/Textures/Icons_Browser/Icon_ModAotR.uasset" 91
"../../../../../UE4 Projects/BFMELauncher/Content/Textures/Icons_Browser/Icon_ModEdain.uasset" 92
"../../../../../UE4 Projects/BFMELauncher/Content/Textures/Icons_Browser/Icon_ROTWK.uasset" 93
"../../../../../UE4 Projects/BFMELauncher/Content/Textures/Icons_Browser/Icon_Selected.uasset" 94
"../../../Engine/Content/Animation/DefaultAnimCurveCompressionSettings.uasset" 95
"../../../Engine/Content/Functions/Engine_MaterialFunctions01/Opacity/CameraDepthFade.uasset" 96
"../../../Engine/Content/EngineMaterials/T_Default_Material_Grid_M.uasset" 97
"../../../Engine/Content/EngineMaterials/T_Default_Material_Grid_N.uasset" 98
"../../../Engine/Content/EngineMaterials/WorldGridMaterial.uasset" 99
"../../../Engine/Content/ArtTools/RenderToTexture/Meshes/S_1_Unit_Plane.uasset" 100
"../../../Engine/Content/EditorLandscapeResources/DataLayer.uasset" 101
"../../../Engine/Content/EditorMaterials/MAT_Groups_Toggle.uasset" 102
"../../../Engine/Content/EditorMaterials/MAT_Groups_Visibility.uasset" 103
"../../../Engine/Content/EditorMaterials/PreviewShadowIndicator.uasset" 104
"../../../Engine/Content/EditorMaterials/PreviewShadowIndicatorMaterial.uasset" 105
"../../../Engine/Content/EditorMaterials/MatineeGroups/MAT_ColorTrack.uasset" 106
"../../../Engine/Content/EditorMaterials/MatineeGroups/MAT_Groups_Anim.uasset" 107
"../../../Engine/Content/EditorMaterials/MatineeGroups/MAT_Groups_AudioMaster.uasset" 108
"../../../Engine/Content/EditorMaterials/MatineeGroups/MAT_Groups_Director.uasset" 109
"../../../Engine/Content/EditorMaterials/MatineeGroups/MAT_Groups_Event.uasset" 110
"../../../Engine/Content/EditorMaterials/MatineeGroups/MAT_Groups_Fade.uasset" 111
"../../../Engine/Content/EditorMaterials/MatineeGroups/MAT_Groups_Float.uasset" 112
"../../../Engine/Content/EditorMaterials/MatineeGroups/MAT_Groups_Move.uasset" 113
"../../../Engine/Content/EditorMaterials/MatineeGroups/MAT_Groups_Slomo.uasset" 114
"../../../Engine/Content/EditorMaterials/MatineeGroups/MAT_Groups_Sound.uasset" 115
"../../../Engine/Content/EditorMaterials/MatineeGroups/MAT_Groups_Vector.uasset" 116
"../../../Engine/Content/EditorMaterials/ParticleSystems/PSysThumbnail_NoImage.uasset" 117
"../../../Engine/Content/EditorMaterials/ParticleSystems/PSysThumbnail_OOD.uasset" 118
"../../../Engine/Content/EditorMaterials/Camera/CineMat.uasset" 119
"../../../Engine/Content/EditorMaterials/Camera/MI_CineMat_Rig.uasset" 120
"../../../Engine/Content/EditorMeshes/Camera/SM_CraneRig_Arm.uasset" 121
"../../../Engine/Content/EditorMeshes/Camera/SM_CraneRig_Base.uasset" 122
"../../../Engine/Content/EditorMeshes/Camera/SM_CraneRig_Body.uasset" 123
"../../../Engine/Content/EditorMeshes/Camera/SM_CraneRig_Mount.uasset" 124
"../../../Engine/Content/EditorMeshes/Camera/SM_RailRig_Mount.uasset" 125
"../../../Engine/Content/EditorMeshes/Camera/SM_RailRig_Track.uasset" 126
"../../../Engine/Content/EditorResources/BSPVertex.uasset" 127
"../../../Engine/Content/EditorResources/EmptyActor.uasset" 128
"../../../Engine/Content/EditorResources/S_Actor.uasset" 129
"../../../Engine/Content/EditorResources/S_Solver.uasset" 130
"../../../Engine/Content/EditorResources/S_Trigger.uasset" 131
"../../../Engine/Content/EditorSounds/Notifications/CompileFailed.uasset" 132
"../../../Engine/Content/EditorSounds/Notifications/CompileFailed_Cue.uasset" 133
"../../../Engine/Content/EditorSounds/Notifications/CompileSuccess.uasset" 134
"../../../Engine/Content/EditorSounds/Notifications/CompileStart_Cue.uasset" 135
"../../../Engine/Content/EditorSounds/Notifications/CompileSuccess_Cue.uasset" 136
"../../../Engine/Content/EngineDamageTypes/DmgTypeBP_Environmental.uasset" 137
"../../../Engine/Content/EngineDebugMaterials/DebugEditorMaterial.uasset" 138
"../../../Engine/Content/EngineDebugMaterials/DebugMeshMaterial.uasset" 139
"../../../Engine/Content/EngineDebugMaterials/M_SimpleUnlitTranslucent.uasset" 140
"../../../Engine/Content/EngineDebugMaterials/WireframeMaterial.uasset" 141
"../../../Engine/Content/EngineFonts/Faces/DroidSansFallback.uasset" 142
"../../../Engine/Content/EngineFonts/Faces/RobotoBold.uasset" 143
"../../../Engine/Content/EngineFonts/Faces/RobotoBoldItalic.uasset" 144
"../../../Engine/Content/EngineFonts/Faces/RobotoItalic.uasset" 145
"../../../Engine/Content/EngineFonts/Faces/RobotoLight.uasset" 146
"../../../Engine/Content/EngineFonts/Faces/RobotoRegular.uasset" 147
"../../../Engine/Content/EngineFonts/Roboto.uasset" 148
"../../../Engine/Content/EngineMaterials/BaseFlattenDiffuseMap.uasset" 149
"../../../Engine/Content/EngineMaterials/BaseFlattenEmissiveMap.uasset" 150
"../../../Engine/Content/EngineMaterials/BaseFlattenGrayscaleMap.uasset" 151
"../../../Engine/Content/EngineMaterials/BaseFlattenNormalMap.uasset" 152
"../../../Engine/Content/EngineMaterials/BaseFlattenMaterial.uasset" 153
"../../../Engine/Content/EngineMaterials/BlueNoise.uasset" 154
"../../../Engine/Content/EngineMaterials/DefaultBloomKernel.uasset" 155
"../../../Engine/Content/EngineMaterials/DefaultBokeh.uasset" 156
"../../../Engine/Content/EngineMaterials/DefaultDiffuse.uasset" 157
"../../../Engine/Content/EngineMaterials/DefaultDeferredDecalMaterial.uasset" 158
"../../../Engine/Content/EngineMaterials/DefaultLightFunctionMaterial.uasset" 159
"../../../Engine/Content/EngineMaterials/DefaultPhysicalMaterial.uasset" 160
"../../../Engine/Content/Functions/Engine_MaterialFunctions02/Utility/BreakOutFloat2Components.uasset" 161
"../../../Engine/Content/EngineMaterials/DefaultPostProcessMaterial.uasset" 162
"../../../Engine/Content/EngineFonts/RobotoDistanceField.uasset" 163
"../../../Engine/Content/EngineMaterials/DefaultTextMaterialOpaque.uasset" 164
"../../../Engine/Content/EngineMaterials/DefaultWhiteGrid.uasset" 165
"../../../Engine/Content/EngineMaterials/DefaultWhiteGrid_Low.uasset" 166
"../../../Engine/Content/EngineMaterials/EmissiveMeshMaterial.uasset" 167
"../../../Engine/Content/EngineMaterials/GizmoMaterial.uasset" 168
"../../../Engine/Content/EngineMaterials/Good64x64TilingNoiseHighFreq.uasset" 169
"../../../Engine/Content/EngineMaterials/MiniFont.uasset" 170
"../../../Engine/Content/EngineMaterials/InvalidLightmapSettings.uasset" 171
"../../../Engine/Content/EngineMaterials/M_InvalidLightmapSettings.uasset" 172
"../../../Engine/Content/Functions/Engine_MaterialFunctions02/WorldPositionOffset/CameraOffset.uasset" 173
"../../../Engine/Content/EngineMaterials/PhAT_JointLimitMaterial.uasset" 174
"../../../Engine/Content/EngineMaterials/PreintegratedSkinBRDF.uasset" 175
"../../../Engine/Content/EngineMaterials/RemoveSurfaceMaterial.uasset" 176
"../../../Engine/Content/EngineMaterials/WeightMapPlaceholderTexture.uasset" 177
"../../../Engine/Content/EngineResources/WhiteSquareTexture.uasset" 178
"../../../Engine/Content/EngineMaterials/Widget3DPassThrough.uasset" 179
"../../../Engine/Content/EngineMaterials/Widget3DPassThrough_Masked.uasset" 180
"../../../Engine/Content/EngineMaterials/Widget3DPassThrough_Opaque.uasset" 181
"../../../Engine/Content/EngineMaterials/Widget3DPassThrough_Masked_OneSided.uasset" 182
"../../../Engine/Content/EngineMaterials/Widget3DPassThrough_Opaque_OneSided.uasset" 183
"../../../Engine/Content/EngineMaterials/Widget3DPassThrough_Translucent.uasset" 184
"../../../Engine/Content/EngineMaterials/Widget3DPassThrough_Translucent_OneSided.uasset" 185
"../../../Engine/Content/EngineMeshes/Sphere.uasset" 186
"../../../Engine/Content/EngineResources/Black.uasset" 187
"../../../Engine/Content/EngineResources/DefaultTexture.uasset" 188
"../../../Engine/Content/EngineResources/DefaultTextureCube.uasset" 189
"../../../Engine/Content/EngineResources/DefaultVolumeTexture2D.uasset" 190
"../../../Engine/Content/EngineResources/DefaultVolumeTexture.uasset" 191
"../../../Engine/Content/EngineResources/GradientTexture0.uasset" 192
"../../../Engine/Content/EngineSounds/Master.uasset" 193
"../../../Engine/Content/Functions/Engine_MaterialFunctions01/Shading/ConvertFromDiffSpec.uasset" 194
"../../../Engine/Content/Functions/Engine_MaterialFunctions01/Shading/PowerToRoughness.uasset" 195
"../../../Engine/Content/Maps/Templates/Thumbnails/Default.uasset" 196
"../../../Engine/Content/Maps/Templates/Thumbnails/TimeOfDay.uasset" 197
"../../../Engine/Content/Maps/Templates/Thumbnails/VR-Basic.uasset" 198
"../../../Engine/Content/MobileResources/T_MobileControls_texture.uasset" 199
"../../../Engine/Content/MobileResources/T_MobileMenu2.uasset" 200
"../../../Engine/Content/MobileResources/HUD/AnalogHat.uasset" 201
"../../../Engine/Content/MobileResources/HUD/VirtualJoystick_Background.uasset" 202
"../../../Engine/Content/MobileResources/HUD/VirtualJoystick_Thumb.uasset" 203
"../../../Engine/Content/MobileResources/HUD/DefaultVirtualJoysticks.uasset" 204
"../../../Engine/Content/MobileResources/HUD/LeftVirtualJoystickOnly.uasset" 205
"../../../Engine/Content/MobileResources/HUD/MobileHUDButton1_off.uasset" 206
"../../../Engine/Content/MobileResources/HUD/MobileHUDButton1_on.uasset" 207
"../../../Engine/Content/MobileResources/HUD/MobileHUDButton2_off.uasset" 208
"../../../Engine/Content/MobileResources/HUD/MobileHUDButton2_on.uasset" 209
"../../../Engine/Content/MobileResources/HUD/MobileHUDButton3.uasset" 210
"../../../Engine/Content/MobileResources/HUD/MobileHUDButtonFire.uasset" 211
"../../../Engine/Content/MobileResources/HUD/MobileHUDDirectionPad.uasset" 212
"../../../Engine/Content/MobileResources/HUD/MobileHUDDirectionPad2.uasset" 213
"../../../Engine/Content/MobileResources/HUD/MobileHUDDirectionPad3.uasset" 214
"../../../Engine/Content/MobileResources/HUD/MobileHUDDirectionStick.uasset" 215
"../../../Engine/Content/MobileResources/HUD/T_Castle_ThumbstickInner.uasset" 216
"../../../Engine/Content/MobileResources/HUD/T_Castle_ThumbstickOutter.uasset" 217
"../../../Engine/Content/Tutorial/ContentIntroCurve.uasset" 218
"../../../Engine/Content/Tutorial/Basics/LevelEditorAttract.uasset" 219
"../../../Engine/Content/Tutorial/Basics/TutorialAssets/icon_tab_Levels_40x.uasset" 220
"../../../Engine/Content/Tutorial/Basics/LevelEditorOverview.uasset" 221
"../../../Engine/Content/VREditor/LaserPointer/VR_LaserPower_01.uasset" 222
"../../../Engine/Content/VREditor/TransformGizmo/TransformGizmoMaterial.uasset" 223
"../../../Engine/Content/VREditor/TransformGizmo/TranslucentTransformGizmoMaterial.uasset" 224
"../../../Engine/Content/VREditor/TransformGizmo/BoundingBoxCorner.uasset" 225
"../../../Engine/Content/VREditor/TransformGizmo/BoundingBoxEdge.uasset" 226
"../../../Engine/Content/VREditor/TransformGizmo/PlaneTranslationHandle.uasset" 227
"../../../Engine/Content/VREditor/TransformGizmo/Main.uasset" 228
"../../../Engine/Content/VREditor/TransformGizmo/Xray.uasset" 229
"../../../Engine/Content/VREditor/TransformGizmo/SM_Sequencer_Key.uasset" 230
"../../../Engine/Content/VREditor/TransformGizmo/SM_Sequencer_Node.uasset" 231
"../../Plugins/Runtime/WebBrowserWidget/Content/WebTexture_T.uasset" 232
"../../Plugins/Runtime/WebBrowserWidget/Content/WebTexture_M.uasset" 233
"../../Plugins/Runtime/WebBrowserWidget/Content/WebTexture_TM.uasset" 234
"../../../../../UE4 Projects/BFMELauncher/Plugins/FileSystemLibrary/Content/Demo_FileSystemLibrary.uasset" 235
"../../../../../UE4 Projects/BFMELauncher/Plugins/FileSystemLibrary/Content/M_WhiteMatte.uasset" 236
"../../../../../UE4 Projects/BFMELauncher/Content/MainMenu.umap" 237
"../../../Engine/Content/Maps/Entry_BuiltData.uasset" 238
"../../../Engine/Content/EngineMaterials/DefaultMaterial.uasset" 239
"../../../Engine/Content/Maps/Entry.umap" 240
"../../../../../UE4 Projects/BFMELauncher/Plugins/FileSystemLibrary/Content/W_FileSystemDemo.uasset" 241
"../../../../../UE4 Projects/BFMELauncher/Plugins/FileSystemLibrary/Content/FileSystemDemo.umap" 242
"../../../Engine/Content/BasicShapes/BasicShapeMaterial.uasset" 243
"../../../Engine/Content/BasicShapes/Cube.uasset" 244
"../../../../../UE4 Projects/BFMELauncher/Plugins/FileSystemLibrary/Content/FS_Demo.umap" 245
